生成启动时间为 2020-11-18 10:51:05。
开始生成时的环境:
ALLUSERSPROFILE = C:\ProgramData
ANT_HOME = D:\xap\IIHSetup\apache-ant-1.9.15
APPDATA = C:\Users\F\AppData\Roaming
classpath = D:\xap\IIHSetup\apache-ant-1.9.15\lib
CommonProgramFiles = C:\Program Files (x86)\Common Files
CommonProgramFiles(x86) = C:\Program Files (x86)\Common Files
CommonProgramW6432 = C:\Program Files\Common Files
COMPUTERNAME = DESKTOP-ANS1O8U
ComSpec = C:\WINDOWS\system32\cmd.exe
docfx = D:\Software\docfx\docfx.exe
DriverData = C:\Windows\System32\Drivers\DriverData
FPS_BROWSER_APP_PROFILE_STRING = Internet Explorer
FPS_BROWSER_USER_PROFILE_STRING = Default
HOMEDRIVE = C:
HOMEPATH = \Users\F
include = C:\Program Files (x86)\Windows Kits\10\Include\10.0.18362.0\um;C:\Program Files (x86)\Windows Kits\10\Include\10.0.18362.0\shared;C:\Program Files (x86)\Windows Kits\10\Include\10.0.18362.0\ucrt;C:\Program Files (x86)\Microsoft Visual Studio\2019\Enterprise\VC\Tools\MSVC\14.26.28801\include;
JAVA_HOME = C:\Program Files\Java\jdk1.7.0_80
LOCALAPPDATA = C:\Users\F\AppData\Local
LOGONSERVER = \\DESKTOP-ANS1O8U
lua = D:\Software\Binaries-LuaDist-batteries-0.9.8-Windows-x86\bin\lua.exe
mkdocs = C:\Program Files (x86)\Microsoft Visual Studio\Shared\Python37_64\Scripts\mkdocs.exe
MOZ_PLUGIN_PATH = C:\Program Files (x86)\Foxit Software\Foxit Reader\plugins\
msbuild = C:\Program Files (x86)\MSBuild\14.0\Bin\MSBuild.exe
MSBuildLoadMicrosoftTargetsReadOnly = true
NUMBER_OF_PROCESSORS = 4
OneDrive = C:\Users\F\OneDrive
OS = Windows_NT
Path = C:\Program Files (x86)\Common Files\Oracle\Java\javapath;C:\WINDOWS\system32;C:\WINDOWS;C:\WINDOWS\System32\Wbem;C:\WINDOWS\System32\WindowsPowerShell\v1.0\;C:\WINDOWS\System32\OpenSSH\;C:\Program Files (x86)\Microsoft SQL Server\100\Tools\Binn\;C:\Program Files\Microsoft SQL Server\100\Tools\Binn\;C:\Program Files\Microsoft SQL Server\100\DTS\Binn\;C:\Program Files\Microsoft SQL Server\130\Tools\Binn\;D:\Software\dos;C:\Program Files\nodejs\;C:\Program Files (x86)\MSBuild\14.0\Bin;C:\Windows\SysWOW64\WindowsPowerShell\v1.0\Modules\TShell\TShell\;D:\zhanglizhong\Python\phantomjs-2.1.1-windows\bin;C:\MinGW\bin;D:\zhanglizhong\sqlite\tools;C:\Program Files\Microsoft SQL Server\Client SDK\ODBC\170\Tools\Binn\;C:\Program Files (x86)\Microsoft Visual Studio\Shared\Python37_64;C:\Program Files\TortoiseSVN\bin;C:\Program Files\CMake\bin;D:\Software\docfx;C:\Program Files (x86)\Microsoft Visual Studio\Shared\Python37_64\Scripts;D:\Software\Binaries-LuaDist-batteries-0.9.8-Windows-x86\bin;C:\Program Files\dotnet\;C:\Program Files (x86)\dotnet\;C:\Program Files (x86)\Microsoft Visual Studio\2019\Enterprise\VC\Tools\MSVC\14.25.28610\bin\Hostx64\x64;D:\xap\IIHSetup\apache-ant-1.9.15\bin;C:\Program Files (x86)\Microsoft Visual Studio\2019\Enterprise\VC\Tools\MSVC\14.26.28801\bin\Hostx64\x64;C:\Program Files\Microsoft VS Code\bin;C:\Program Files (x86)\GitExtensions\;C:\Program Files\OpenVPN\bin;C:\Program Files\Git\cmd;C:\Users\F\AppData\Local\Microsoft\WindowsApps;C:\Program Files\Microsoft VS Code\bin;C:\Users\F\go\bin;C:\Users\F\AppData\Local\Programs\Fiddler;C:\Program Files (x86)\Microsoft\ILMerge;C:\Users\F\.dotnet\tools;C:\Users\F\AppData\Roaming\npm;D:\zhanglizhong\Python\phantomjs-2.1.1-windows\bin;C:\MinGW\bin;C:\Users\F\AppData\Local\GitHubDesktop\bin;C:\Program Files (x86)\Microsoft Visual Studio\Shared\Python37_64;C:\Program Files (x86)\MSBuild\14.0\Bin;D:\Software\docfx;C:\Program Files (x86)\Microsoft Visual Studio\2019\Enterprise\VC\Tools\MSVC\14.25.28610\bin\Hostx64\x64;;C:\Users\F\AppData\Local\Microsoft\WindowsApps;C:\Users\F\.dotnet\tools
PATHEXT = .COM;.EXE;.BAT;.CMD;.VBS;.VBE;.JS;.JSE;.WSF;.WSH;.MSC
phantomjs = D:\zhanglizhong\Python\phantomjs-2.1.1-windows\bin\phantomjs.exe
PkgDefApplicationConfigFile = C:\Users\F\AppData\Local\Microsoft\VisualStudio\16.0_4fef1eb5\devenv.exe.config
PROCESSOR_ARCHITECTURE = x86
PROCESSOR_ARCHITEW6432 = AMD64
PROCESSOR_IDENTIFIER = Intel64 Family 6 Model 142 Stepping 9, GenuineIntel
PROCESSOR_LEVEL = 6
PROCESSOR_REVISION = 8e09
ProgramData = C:\ProgramData
ProgramFiles = C:\Program Files (x86)
ProgramFiles(x86) = C:\Program Files (x86)
ProgramW6432 = C:\Program Files
PSModulePath = C:\Program Files\WindowsPowerShell\Modules;C:\WINDOWS\system32\WindowsPowerShell\v1.0\Modules;C:\Program Files\Intel\Wired Networking\
PUBLIC = C:\Users\Public
PYTHONIOENCODING = UTF-8
ServiceHubLogSessionKey = BDA3BDCF
SESSIONNAME = Console
SystemDrive = C:
SystemRoot = C:\WINDOWS
TEMP = C:\Users\F\AppData\Local\Temp
ThreadedWaitDialogDpiContext = -4
TMP = C:\Users\F\AppData\Local\Temp
USERDOMAIN = DESKTOP-ANS1O8U
USERDOMAIN_ROAMINGPROFILE = DESKTOP-ANS1O8U
USERNAME = F
USERPROFILE = C:\Users\F
VisualStudioDir = C:\Users\F\Documents\Visual Studio 2019
VisualStudioEdition = Microsoft Visual Studio Enterprise 2019
VisualStudioVersion = 16.0
VS100COMNTOOLS = C:\Program Files (x86)\Microsoft Visual Studio 10.0\Common7\Tools\
VSAPPIDDIR = C:\Program Files (x86)\Microsoft Visual Studio\2019\Enterprise\Common7\IDE\
VSAPPIDNAME = devenv.exe
VSLANG = 2052
VSSDK100Install = C:\Program Files (x86)\Microsoft Visual Studio 2010 SDK\
VSSKUEDITION = Enterprise
windir = C:\WINDOWS
WXDRIVE_START_ARGS = --wxdrive-setting=0 --disable-gpu --disable-software-rasterizer --enable-features=NetworkServiceInProcess

日志记录详细程度设置为: Normal。     1>项目“D:\zhanglizhong\Git\NewRepo\DuiDemo\MyMFC\MyMFC.vcxproj”在节点 2 上(Rebuild 个目标)。
     1>PrepareForBuild:
         正在创建目录“D:\zhanglizhong\Git\NewRepo\DuiDemo\Debug\”。
         正在创建目录“Debug\MyMFC.tlog\”。
       InitializeBuildStatus:
         正在创建“Debug\MyMFC.tlog\unsuccessfulbuild”，因为已指定“AlwaysCreate”。
       ClCompile:
         C:\Program Files (x86)\Microsoft Visual Studio\2019\Enterprise\VC\Tools\MSVC\14.28.29333\bin\HostX86\x86\CL.exe /c /ZI /JMC /nologo /W3 /WX- /diagnostics:column /sdl /Od /Oy- /D WIN32 /D _WINDOWS /D _DEBUG /D _UNICODE /D UNICODE /D _AFXDLL /Gm- /EHsc /RTC1 /MDd /GS /fp:precise /Zc:wchar_t /Zc:forScope /Zc:inline /Yc"pch.h" /Fp"Debug\MyMFC.pch" /Fo"Debug\\" /Fd"Debug\vc142.pdb" /Gd /TP /analyze- /FC /errorReport:prompt pch.cpp
         pch.cpp
         C:\Program Files (x86)\Microsoft Visual Studio\2019\Enterprise\VC\Tools\MSVC\14.28.29333\bin\HostX86\x86\CL.exe /c /ZI /JMC /nologo /W3 /WX- /diagnostics:column /sdl /Od /Oy- /D WIN32 /D _WINDOWS /D _DEBUG /D _UNICODE /D UNICODE /D _AFXDLL /Gm- /EHsc /RTC1 /MDd /GS /fp:precise /Zc:wchar_t /Zc:forScope /Zc:inline /Yu"pch.h" /Fp"Debug\MyMFC.pch" /Fo"Debug\\" /Fd"Debug\vc142.pdb" /Gd /TP /analyze- /FC /errorReport:prompt MyMFC.cpp MyMFCDlg.cpp
         MyMFC.cpp
         MyMFCDlg.cpp
         正在生成代码...
       ResourceCompile:
         C:\Program Files (x86)\Windows Kits\10\bin\10.0.18362.0\x86\rc.exe /D _DEBUG /D _UNICODE /D UNICODE /D _AFXDLL /l"0x0804" /IDebug\ /nologo /fo"Debug\MyMFC.res" MyMFC.rc 
       Link:
         C:\Program Files (x86)\Microsoft Visual Studio\2019\Enterprise\VC\Tools\MSVC\14.28.29333\bin\HostX86\x86\link.exe /ERRORREPORT:PROMPT /OUT:"D:\zhanglizhong\Git\NewRepo\DuiDemo\Debug\MyMFC.exe" /INCREMENTAL /NOLOGO /MANIFEST /MANIFESTUAC:"level='asInvoker' uiAccess='false'" /manifest:embed /manifestinput:"C:\Program Files (x86)\Microsoft Visual Studio\2019\Enterprise\VC\Tools\MSVC\14.28.29333\Include\Manifest\dpiaware.manifest" /DEBUG:FASTLINK /PDB:"D:\zhanglizhong\Git\NewRepo\DuiDemo\Debug\MyMFC.pdb" /SUBSYSTEM:WINDOWS /TLBID:1 /ENTRY:"wWinMainCRTStartup" /DYNAMICBASE /NXCOMPAT /IMPLIB:"D:\zhanglizhong\Git\NewRepo\DuiDemo\Debug\MyMFC.lib" /MACHINE:X86 Debug\MyMFC.res
         Debug\MyMFC.obj
         Debug\MyMFCDlg.obj
         Debug\pch.obj
         MyMFC.vcxproj -> D:\zhanglizhong\Git\NewRepo\DuiDemo\Debug\MyMFC.exe
       FinalizeBuildStatus:
         正在删除文件“Debug\MyMFC.tlog\unsuccessfulbuild”。
         正在对“Debug\MyMFC.tlog\MyMFC.lastbuildstate”执行 Touch 任务。
     1>已完成生成项目“D:\zhanglizhong\Git\NewRepo\DuiDemo\MyMFC\MyMFC.vcxproj”(Rebuild 个目标)的操作。

已成功生成。
    0 个警告
    0 个错误

已用时间 00:00:21.64
